C:\Program Files (x86)\Microsoft Visual Studio\2019\Community\MSBuild\Microsoft\VC\v160\Microsoft.CppBuild.targets(498,5): warning MSB8004: Intermediate Directory does not end with a trailing slash.  This build instance will add the slash as it is required to allow proper evaluation of the Intermediate Directory.
C:\Program Files (x86)\Microsoft Visual Studio\2019\Community\MSBuild\Microsoft\VC\v160\Microsoft.CppBuild.targets(499,5): warning MSB8004: Output Directory does not end with a trailing slash.  This build instance will add the slash as it is required to allow proper evaluation of the Output Directory.
  Component.cpp
  Core.cpp
  Editor.cpp
  EditorPlaymode.cpp
  imgui.cpp
  imgui_demo.cpp
  imgui_draw.cpp
  imgui_impl_glfw.cpp
  imgui_impl_opengl3.cpp
  imgui_tables.cpp
  imgui_widgets.cpp
  imnodes.cpp
  Linker.cpp
  Linker2.cpp
  main.cpp
C:\Users\silas\Documents\GitHub\Uvis-Engine-2025.0.0\UvisEngineSource\main.cpp(11,20): warning C4551: function call missing argument list
  MainCompoment.cpp
C:\Users\silas\Documents\GitHub\Uvis-Engine-2025.0.0\UvisEngineSource\MainCompoment.cpp(11,23): warning C4551: function call missing argument list
C:\Users\silas\Documents\GitHub\Uvis-Engine-2025.0.0\UvisEngineSource\MainCompoment.cpp(12,21): warning C4101: 'window': unreferenced local variable
C:\Users\silas\Documents\GitHub\Uvis-Engine-2025.0.0\UvisEngineSource\MainCompoment.cpp(26,23): warning C4551: function call missing argument list
C:\Users\silas\Documents\GitHub\Uvis-Engine-2025.0.0\UvisEngineSource\MainCompoment.cpp(31,23): warning C4551: function call missing argument list
  GLFWPointLight.cpp
  RenderCube.cpp
  RenderSphere.cpp
C:\Users\silas\Documents\GitHub\Uvis-Engine-2025.0.0\UvisEngineSource\RenderSphere.cpp(9,27): warning C4244: 'initializing': conversion from 'double' to 'float', possible loss of data
C:\Users\silas\Documents\GitHub\Uvis-Engine-2025.0.0\UvisEngineSource\RenderSphere.cpp(10,27): warning C4244: 'initializing': conversion from 'double' to 'float', possible loss of data
C:\Users\silas\Documents\GitHub\Uvis-Engine-2025.0.0\UvisEngineSource\RenderSphere.cpp(19,31): warning C4244: 'initializing': conversion from 'double' to 'float', possible loss of data
C:\Users\silas\Documents\GitHub\Uvis-Engine-2025.0.0\UvisEngineSource\RenderSphere.cpp(20,31): warning C4244: 'initializing': conversion from 'double' to 'float', possible loss of data
  utils.cpp
  Compiling...
  Application.cpp
C:\Users\silas\Documents\GitHub\Uvis-Engine-2025.0.0\UvisEngineSource\Application.cpp(163,1): warning C4244: '+=': conversion from 'double' to 'float', possible loss of data
C:\Users\silas\Documents\GitHub\Uvis-Engine-2025.0.0\UvisEngineSource\Application.cpp(164,1): warning C4244: '+=': conversion from 'double' to 'float', possible loss of data
C:\Users\silas\Documents\GitHub\Uvis-Engine-2025.0.0\UvisEngineSource\Application.cpp(621,26): warning C4244: '=': conversion from 'double' to 'float', possible loss of data
  WLPI.cpp
     Creating library x64\Release\Bianarys\x32\Uvis-Runtime\UvisEngine-Runtime.lib and object x64\Release\Bianarys\x32\Uvis-Runtime\UvisEngine-Runtime.exp
  Generating code
  0 of 2551 functions ( 0.0%) were compiled, the rest were copied from previous compilation.
    0 functions were new in current compilation
    0 functions had inline decision re-evaluated but remain unchanged
  Finished generating code
  UvisEngineSource.vcxproj -> C:\Users\silas\Documents\GitHub\Uvis-Engine-2025.0.0\UvisEngineSource\x64\Release\Bianarys\x32\Uvis-Runtime\UvisEngine-Runtime.exe
