c:\dev\uvisengine\uvisenginesource\uvisenginesource\x64\release\bianarys\x32\uvis-runtime\assets\windowsx64icon\openglwindow\vc142.pdb
c:\dev\uvisengine\uvisenginesource\uvisenginesource\x64\release\bianarys\x32\uvis-runtime\assets\windowsx64icon\openglwindow\application.obj
c:\dev\uvisengine\uvisenginesource\uvisenginesource\x64\release\bianarys\x32\uvis-runtime\assets\windowsx64icon\openglwindow\utils.obj
c:\dev\uvisengine\uvisenginesource\uvisenginesource\x64\release\bianarys\x32\uvis-runtime\assets\windowsx64icon\openglwindow\rendersphere.obj
c:\dev\uvisengine\uvisenginesource\uvisenginesource\x64\release\bianarys\x32\uvis-runtime\assets\windowsx64icon\openglwindow\rendercube.obj
c:\dev\uvisengine\uvisenginesource\uvisenginesource\x64\release\bianarys\x32\uvis-runtime\assets\windowsx64icon\openglwindow\maincompoment.obj
c:\dev\uvisengine\uvisenginesource\uvisenginesource\x64\release\bianarys\x32\uvis-runtime\assets\windowsx64icon\openglwindow\main.obj
c:\dev\uvisengine\uvisenginesource\uvisenginesource\x64\release\bianarys\x32\uvis-runtime\assets\windowsx64icon\openglwindow\linker2.obj
c:\dev\uvisengine\uvisenginesource\uvisenginesource\x64\release\bianarys\x32\uvis-runtime\assets\windowsx64icon\openglwindow\linker.obj
c:\dev\uvisengine\uvisenginesource\uvisenginesource\x64\release\bianarys\x32\uvis-runtime\assets\windowsx64icon\openglwindow\imnodes.obj
c:\dev\uvisengine\uvisenginesource\uvisenginesource\x64\release\bianarys\x32\uvis-runtime\assets\windowsx64icon\openglwindow\imgui_widgets.obj
c:\dev\uvisengine\uvisenginesource\uvisenginesource\x64\release\bianarys\x32\uvis-runtime\assets\windowsx64icon\openglwindow\imgui_tables.obj
c:\dev\uvisengine\uvisenginesource\uvisenginesource\x64\release\bianarys\x32\uvis-runtime\assets\windowsx64icon\openglwindow\imgui_impl_opengl3.obj
c:\dev\uvisengine\uvisenginesource\uvisenginesource\x64\release\bianarys\x32\uvis-runtime\assets\windowsx64icon\openglwindow\imgui_impl_glfw.obj
c:\dev\uvisengine\uvisenginesource\uvisenginesource\x64\release\bianarys\x32\uvis-runtime\assets\windowsx64icon\openglwindow\imgui_draw.obj
c:\dev\uvisengine\uvisenginesource\uvisenginesource\x64\release\bianarys\x32\uvis-runtime\assets\windowsx64icon\openglwindow\imgui_demo.obj
c:\dev\uvisengine\uvisenginesource\uvisenginesource\x64\release\bianarys\x32\uvis-runtime\assets\windowsx64icon\openglwindow\imgui.obj
c:\dev\uvisengine\uvisenginesource\uvisenginesource\x64\release\bianarys\x32\uvis-runtime\assets\windowsx64icon\openglwindow\editor.obj
c:\dev\uvisengine\uvisenginesource\uvisenginesource\x64\release\bianarys\x32\uvis-runtime\assets\windowsx64icon\openglwindow\core.obj
c:\dev\uvisengine\uvisenginesource\uvisenginesource\x64\release\bianarys\x32\uvis-runtime\assets\windowsx64icon\openglwindow\component.obj
c:\dev\uvisengine\uvisenginesource\uvisenginesource\x64\release\bianarys\x32\uvis-runtime\assets\windowsx64icon\openglwindow\wlpi.obj
c:\dev\uvisengine\uvisenginesource\uvisenginesource\x64\release\bianarys\x32\uvis-runtime\assets\windowsx64icon\openglwindow\glfwpointlight.obj
c:\dev\uvisengine\uvisenginesource\uvisenginesource\x64\release\bianarys\x32\uvis-runtime\assets\windowsx64icon\openglwindow\editorplaymode.obj
c:\users\silas\documents\github\uvis-engine-2025.0.0\uvisenginesource\x64\release\bianarys\x32\uvis-runtime\assets\windowsx64icon\openglwindow\vc142.pdb
c:\users\silas\documents\github\uvis-engine-2025.0.0\uvisenginesource\x64\release\bianarys\x32\uvis-runtime\assets\windowsx64icon\openglwindow\utils.obj
c:\users\silas\documents\github\uvis-engine-2025.0.0\uvisenginesource\x64\release\bianarys\x32\uvis-runtime\assets\windowsx64icon\openglwindow\rendersphere.obj
c:\users\silas\documents\github\uvis-engine-2025.0.0\uvisenginesource\x64\release\bianarys\x32\uvis-runtime\assets\windowsx64icon\openglwindow\rendercube.obj
c:\users\silas\documents\github\uvis-engine-2025.0.0\uvisenginesource\x64\release\bianarys\x32\uvis-runtime\assets\windowsx64icon\openglwindow\glfwpointlight.obj
c:\users\silas\documents\github\uvis-engine-2025.0.0\uvisenginesource\x64\release\bianarys\x32\uvis-runtime\assets\windowsx64icon\openglwindow\maincompoment.obj
c:\users\silas\documents\github\uvis-engine-2025.0.0\uvisenginesource\x64\release\bianarys\x32\uvis-runtime\assets\windowsx64icon\openglwindow\main.obj
c:\users\silas\documents\github\uvis-engine-2025.0.0\uvisenginesource\x64\release\bianarys\x32\uvis-runtime\assets\windowsx64icon\openglwindow\linker2.obj
c:\users\silas\documents\github\uvis-engine-2025.0.0\uvisenginesource\x64\release\bianarys\x32\uvis-runtime\assets\windowsx64icon\openglwindow\linker.obj
c:\users\silas\documents\github\uvis-engine-2025.0.0\uvisenginesource\x64\release\bianarys\x32\uvis-runtime\assets\windowsx64icon\openglwindow\imnodes.obj
c:\users\silas\documents\github\uvis-engine-2025.0.0\uvisenginesource\x64\release\bianarys\x32\uvis-runtime\assets\windowsx64icon\openglwindow\imgui_widgets.obj
c:\users\silas\documents\github\uvis-engine-2025.0.0\uvisenginesource\x64\release\bianarys\x32\uvis-runtime\assets\windowsx64icon\openglwindow\imgui_tables.obj
c:\users\silas\documents\github\uvis-engine-2025.0.0\uvisenginesource\x64\release\bianarys\x32\uvis-runtime\assets\windowsx64icon\openglwindow\imgui_impl_opengl3.obj
c:\users\silas\documents\github\uvis-engine-2025.0.0\uvisenginesource\x64\release\bianarys\x32\uvis-runtime\assets\windowsx64icon\openglwindow\imgui_impl_glfw.obj
c:\users\silas\documents\github\uvis-engine-2025.0.0\uvisenginesource\x64\release\bianarys\x32\uvis-runtime\assets\windowsx64icon\openglwindow\imgui_draw.obj
c:\users\silas\documents\github\uvis-engine-2025.0.0\uvisenginesource\x64\release\bianarys\x32\uvis-runtime\assets\windowsx64icon\openglwindow\imgui_demo.obj
c:\users\silas\documents\github\uvis-engine-2025.0.0\uvisenginesource\x64\release\bianarys\x32\uvis-runtime\assets\windowsx64icon\openglwindow\imgui.obj
c:\users\silas\documents\github\uvis-engine-2025.0.0\uvisenginesource\x64\release\bianarys\x32\uvis-runtime\assets\windowsx64icon\openglwindow\editorplaymode.obj
c:\users\silas\documents\github\uvis-engine-2025.0.0\uvisenginesource\x64\release\bianarys\x32\uvis-runtime\assets\windowsx64icon\openglwindow\editor.obj
c:\users\silas\documents\github\uvis-engine-2025.0.0\uvisenginesource\x64\release\bianarys\x32\uvis-runtime\assets\windowsx64icon\openglwindow\core.obj
c:\users\silas\documents\github\uvis-engine-2025.0.0\uvisenginesource\x64\release\bianarys\x32\uvis-runtime\assets\windowsx64icon\openglwindow\component.obj
c:\users\silas\documents\github\uvis-engine-2025.0.0\uvisenginesource\x64\release\bianarys\x32\uvis-runtime\assets\windowsx64icon\openglwindow\wlpi.obj
c:\users\silas\documents\github\uvis-engine-2025.0.0\uvisenginesource\x64\release\bianarys\x32\uvis-runtime\assets\windowsx64icon\openglwindow\application.obj
c:\dev\uvisengine\uvisenginesource\uvisenginesource\x64\release\bianarys\x32\uvis-runtime\uvisengine-runtime.exe
c:\dev\uvisengine\uvisenginesource\uvisenginesource\x64\release\bianarys\x32\uvis-runtime\assets\windowsx64icon\openglwindow\uvisengine-runtime.iobj
c:\dev\uvisengine\uvisenginesource\uvisenginesource\x64\release\bianarys\x32\uvis-runtime\uvisengine-runtime.pdb
c:\users\silas\documents\github\uvis-engine-2025.0.0\uvisenginesource\x64\release\bianarys\x32\uvis-runtime\uvisengine-runtime.exe
c:\users\silas\documents\github\uvis-engine-2025.0.0\uvisenginesource\x64\release\bianarys\x32\uvis-runtime\assets\windowsx64icon\openglwindow\uvisengine-runtime.ipdb
c:\users\silas\documents\github\uvis-engine-2025.0.0\uvisenginesource\x64\release\bianarys\x32\uvis-runtime\assets\windowsx64icon\openglwindow\uvisengine-runtime.iobj
c:\users\silas\documents\github\uvis-engine-2025.0.0\uvisenginesource\x64\release\bianarys\x32\uvis-runtime\uvisengine-runtime.pdb
c:\dev\uvisengine\uvisenginesource\uvisenginesource\x64\release\bianarys\x32\uvis-runtime\uvisengine-runtime.lib
c:\dev\uvisengine\uvisenginesource\uvisenginesource\x64\release\bianarys\x32\uvis-runtime\uvisengine-runtime.exp
c:\dev\uvisengine\uvisenginesource\uvisenginesource\x64\release\bianarys\x32\uvis-runtime\uvisengine-runtime.ipdb
c:\dev\uvisengine\uvisenginesource\uvisenginesource\x64\release\bianarys\x32\uvis-runtime\uvisengine-runtime.iobj
c:\users\silas\documents\github\uvis-engine-2025.0.0\uvisenginesource\x64\release\bianarys\x32\uvis-runtime\uvisengine-runtime.lib
c:\users\silas\documents\github\uvis-engine-2025.0.0\uvisenginesource\x64\release\bianarys\x32\uvis-runtime\uvisengine-runtime.exp
c:\users\silas\documents\github\uvis-engine-2025.0.0\uvisenginesource\x64\release\bianarys\x32\uvis-runtime\uvisengine-runtime.ipdb
c:\users\silas\documents\github\uvis-engine-2025.0.0\uvisenginesource\x64\release\bianarys\x32\uvis-runtime\uvisengine-runtime.iobj
c:\users\silas\documents\github\uvis-engine-2025.0.0\uvisenginesource\x64\release\bianarys\x32\uvis-runtime\assets\windowsx64icon\openglwindow\gizmos.obj
c:\users\silas\documents\github\uvis-engine-2025.0.0\uvisenginesource\x64\release\bianarys\x32\uvis-runtime\assets\windowsx64icon\openglwindow\uvisengi.e3554666.tlog\cl.command.1.tlog
c:\users\silas\documents\github\uvis-engine-2025.0.0\uvisenginesource\x64\release\bianarys\x32\uvis-runtime\assets\windowsx64icon\openglwindow\uvisengi.e3554666.tlog\cl.read.1.tlog
c:\users\silas\documents\github\uvis-engine-2025.0.0\uvisenginesource\x64\release\bianarys\x32\uvis-runtime\assets\windowsx64icon\openglwindow\uvisengi.e3554666.tlog\cl.write.1.tlog
c:\users\silas\documents\github\uvis-engine-2025.0.0\uvisenginesource\x64\release\bianarys\x32\uvis-runtime\assets\windowsx64icon\openglwindow\uvisengi.e3554666.tlog\link.command.1.tlog
c:\users\silas\documents\github\uvis-engine-2025.0.0\uvisenginesource\x64\release\bianarys\x32\uvis-runtime\assets\windowsx64icon\openglwindow\uvisengi.e3554666.tlog\link.read.1.tlog
c:\users\silas\documents\github\uvis-engine-2025.0.0\uvisenginesource\x64\release\bianarys\x32\uvis-runtime\assets\windowsx64icon\openglwindow\uvisengi.e3554666.tlog\link.write.1.tlog
c:\users\silas\documents\github\uvis-engine-2025.0.0\uvisenginesource\x64\release\bianarys\x32\uvis-runtime\assets\windowsx64icon\openglwindow\uvisengi.e3554666.tlog\uvisengine-runtime.write.1u.tlog
