c:\users\silas\source\repos\uvisenginesource\uvisenginesource\x64\release\bianarys\x32\uvis-runtime\vc142.pdb
c:\users\silas\source\repos\uvisenginesource\uvisenginesource\x64\release\bianarys\x32\uvis-runtime\wlpi.obj
c:\users\silas\source\repos\uvisenginesource\uvisenginesource\x64\release\bianarys\x32\uvis-runtime\application.obj
c:\users\silas\source\repos\uvisenginesource\uvisenginesource\x64\release\bianarys\x32\uvis-runtime\uvisdraganddropcoding.obj
c:\users\silas\source\repos\uvisenginesource\uvisenginesource\x64\release\bianarys\x32\uvis-runtime\uvis-render-3x.obj
c:\users\silas\source\repos\uvisenginesource\uvisenginesource\x64\release\bianarys\x32\uvis-runtime\utils.obj
c:\users\silas\source\repos\uvisenginesource\uvisenginesource\x64\release\bianarys\x32\uvis-runtime\collidermeshdef.obj
c:\users\silas\source\repos\uvisenginesource\uvisenginesource\x64\release\bianarys\x32\uvis-runtime\maincompoment.obj
c:\users\silas\source\repos\uvisenginesource\uvisenginesource\x64\release\bianarys\x32\uvis-runtime\linker2.obj
c:\users\silas\source\repos\uvisenginesource\uvisenginesource\x64\release\bianarys\x32\uvis-runtime\linker.obj
c:\users\silas\source\repos\uvisenginesource\uvisenginesource\x64\release\bianarys\x32\uvis-runtime\imnodes.obj
c:\users\silas\source\repos\uvisenginesource\uvisenginesource\x64\release\bianarys\x32\uvis-runtime\imgui_widgets.obj
c:\users\silas\source\repos\uvisenginesource\uvisenginesource\x64\release\bianarys\x32\uvis-runtime\imgui_tables.obj
c:\users\silas\source\repos\uvisenginesource\uvisenginesource\x64\release\bianarys\x32\uvis-runtime\imgui_impl_opengl3.obj
c:\users\silas\source\repos\uvisenginesource\uvisenginesource\x64\release\bianarys\x32\uvis-runtime\imgui_impl_glfw.obj
c:\users\silas\source\repos\uvisenginesource\uvisenginesource\x64\release\bianarys\x32\uvis-runtime\imgui_draw.obj
c:\users\silas\source\repos\uvisenginesource\uvisenginesource\x64\release\bianarys\x32\uvis-runtime\imgui_demo.obj
c:\users\silas\source\repos\uvisenginesource\uvisenginesource\x64\release\bianarys\x32\uvis-runtime\imgui.obj
c:\users\silas\source\repos\uvisenginesource\uvisenginesource\x64\release\bianarys\x32\uvis-runtime\editor.obj
c:\users\silas\source\repos\uvisenginesource\uvisenginesource\x64\release\bianarys\x32\uvis-runtime\core.obj
c:\users\silas\source\repos\uvisenginesource\uvisenginesource\x64\release\bianarys\x32\uvis-runtime\component.obj
c:\users\silas\source\repos\uvisenginesource\uvisenginesource\x64\release\bianarys\x32\uvis-runtime\main.obj
c:\dev\uvisengine\uvisenginesource\uvisenginesource\x64\release\bianarys\x32\uvis-runtime\vc142.pdb
c:\dev\uvisengine\uvisenginesource\uvisenginesource\x64\release\bianarys\x32\uvis-runtime\wlpi.obj
c:\dev\uvisengine\uvisenginesource\uvisenginesource\x64\release\bianarys\x32\uvis-runtime\application.obj
c:\dev\uvisengine\uvisenginesource\uvisenginesource\x64\release\bianarys\x32\uvis-runtime\uvisdraganddropcoding.obj
c:\dev\uvisengine\uvisenginesource\uvisenginesource\x64\release\bianarys\x32\uvis-runtime\utils.obj
c:\dev\uvisengine\uvisenginesource\uvisenginesource\x64\release\bianarys\x32\uvis-runtime\collidermeshdef.obj
c:\dev\uvisengine\uvisenginesource\uvisenginesource\x64\release\bianarys\x32\uvis-runtime\maincompoment.obj
c:\dev\uvisengine\uvisenginesource\uvisenginesource\x64\release\bianarys\x32\uvis-runtime\main.obj
c:\dev\uvisengine\uvisenginesource\uvisenginesource\x64\release\bianarys\x32\uvis-runtime\linker2.obj
c:\dev\uvisengine\uvisenginesource\uvisenginesource\x64\release\bianarys\x32\uvis-runtime\linker.obj
c:\dev\uvisengine\uvisenginesource\uvisenginesource\x64\release\bianarys\x32\uvis-runtime\imnodes.obj
c:\dev\uvisengine\uvisenginesource\uvisenginesource\x64\release\bianarys\x32\uvis-runtime\imgui_widgets.obj
c:\dev\uvisengine\uvisenginesource\uvisenginesource\x64\release\bianarys\x32\uvis-runtime\imgui_tables.obj
c:\dev\uvisengine\uvisenginesource\uvisenginesource\x64\release\bianarys\x32\uvis-runtime\imgui_impl_opengl3.obj
c:\dev\uvisengine\uvisenginesource\uvisenginesource\x64\release\bianarys\x32\uvis-runtime\imgui_impl_glfw.obj
c:\dev\uvisengine\uvisenginesource\uvisenginesource\x64\release\bianarys\x32\uvis-runtime\imgui_draw.obj
c:\dev\uvisengine\uvisenginesource\uvisenginesource\x64\release\bianarys\x32\uvis-runtime\imgui_demo.obj
c:\dev\uvisengine\uvisenginesource\uvisenginesource\x64\release\bianarys\x32\uvis-runtime\imgui.obj
c:\dev\uvisengine\uvisenginesource\uvisenginesource\x64\release\bianarys\x32\uvis-runtime\editor.obj
c:\dev\uvisengine\uvisenginesource\uvisenginesource\x64\release\bianarys\x32\uvis-runtime\core.obj
c:\dev\uvisengine\uvisenginesource\uvisenginesource\x64\release\bianarys\x32\uvis-runtime\component.obj
c:\dev\uvisengine\uvisenginesource\uvisenginesource\x64\release\bianarys\x32\uvis-runtime\gizmos.obj
c:\dev\uvisengine\uvisenginesource\uvisenginesource\x64\release\bianarys\x32\uvis-runtime\rendercube.obj
c:\dev\uvisengine\uvisenginesource\uvisenginesource\x64\release\bianarys\x32\uvis-runtime\rendersphere.obj
c:\users\silas\source\repos\uvisenginesource\x64\release\bianarys\x32\uvis-runtime\uvisengine-runtime.exe
c:\users\silas\source\repos\uvisenginesource\uvisenginesource\x64\release\bianarys\x32\uvis-runtime\uvisengine-runtime.ipdb
c:\users\silas\source\repos\uvisenginesource\uvisenginesource\x64\release\bianarys\x32\uvis-runtime\uvisengine-runtime.iobj
c:\users\silas\source\repos\uvisenginesource\x64\release\bianarys\x32\uvis-runtime\uvisengine-runtime.pdb
c:\dev\uvisengine\uvisenginesource\x64\release\bianarys\x32\uvis-runtime\uvisengine-runtime.exe
c:\dev\uvisengine\uvisenginesource\uvisenginesource\x64\release\bianarys\x32\uvis-runtime\uvisengine-runtime.ipdb
c:\dev\uvisengine\uvisenginesource\uvisenginesource\x64\release\bianarys\x32\uvis-runtime\uvisengine-runtime.iobj
c:\dev\uvisengine\uvisenginesource\x64\release\bianarys\x32\uvis-runtime\uvisengine-runtime.pdb
c:\users\silas\source\repos\uvisenginesource\x64\release\bianarys\x32\uvis-runtime\uvisengine-runtime.lib
c:\users\silas\source\repos\uvisenginesource\x64\release\bianarys\x32\uvis-runtime\uvisengine-runtime.exp
c:\dev\uvisengine\uvisenginesource\x64\release\bianarys\x32\uvis-runtime\uvisengine-runtime.lib
c:\dev\uvisengine\uvisenginesource\x64\release\bianarys\x32\uvis-runtime\uvisengine-runtime.exp
c:\dev\uvisengine\uvisenginesource\uvisenginesource\x64\release\bianarys\x32\uvis-runtime\uvis-render-3x.obj
c:\dev\uvisengine\uvisenginesource\uvisenginesource\x64\release\bianarys\x32\uvis-runtime\uvisengi.e3554666.tlog\cl.command.1.tlog
c:\dev\uvisengine\uvisenginesource\uvisenginesource\x64\release\bianarys\x32\uvis-runtime\uvisengi.e3554666.tlog\cl.read.1.tlog
c:\dev\uvisengine\uvisenginesource\uvisenginesource\x64\release\bianarys\x32\uvis-runtime\uvisengi.e3554666.tlog\cl.write.1.tlog
c:\dev\uvisengine\uvisenginesource\uvisenginesource\x64\release\bianarys\x32\uvis-runtime\uvisengi.e3554666.tlog\link.command.1.tlog
c:\dev\uvisengine\uvisenginesource\uvisenginesource\x64\release\bianarys\x32\uvis-runtime\uvisengi.e3554666.tlog\link.read.1.tlog
c:\dev\uvisengine\uvisenginesource\uvisenginesource\x64\release\bianarys\x32\uvis-runtime\uvisengi.e3554666.tlog\link.write.1.tlog
c:\dev\uvisengine\uvisenginesource\uvisenginesource\x64\release\bianarys\x32\uvis-runtime\uvisengi.e3554666.tlog\uvisengine-runtime.write.1u.tlog
