c:\users\silas\source\repos\uvisenginesource\uvisenginesource\x64\release\vc142.pdb
c:\users\silas\source\repos\uvisenginesource\uvisenginesource\x64\release\window_support.obj
c:\users\silas\source\repos\uvisenginesource\uvisenginesource\x64\release\uvisdraganddropcoding.obj
c:\users\silas\source\repos\uvisenginesource\uvisenginesource\x64\release\uvis-render-3x.obj
c:\users\silas\source\repos\uvisenginesource\uvisenginesource\x64\release\meshcollider.obj
c:\users\silas\source\repos\uvisenginesource\uvisenginesource\x64\release\maincompoment.obj
c:\users\silas\source\repos\uvisenginesource\uvisenginesource\x64\release\imgui_widgets.obj
c:\users\silas\source\repos\uvisenginesource\uvisenginesource\x64\release\imgui_tables.obj
c:\users\silas\source\repos\uvisenginesource\uvisenginesource\x64\release\imgui_impl_opengl3.obj
c:\users\silas\source\repos\uvisenginesource\uvisenginesource\x64\release\imgui_impl_glfw.obj
c:\users\silas\source\repos\uvisenginesource\uvisenginesource\x64\release\imgui_draw.obj
c:\users\silas\source\repos\uvisenginesource\uvisenginesource\x64\release\imgui_demo.obj
c:\users\silas\source\repos\uvisenginesource\uvisenginesource\x64\release\imgui.obj
c:\users\silas\source\repos\uvisenginesource\uvisenginesource\x64\release\collidermeshdef.obj
c:\users\silas\source\repos\uvisenginesource\uvisenginesource\x64\release\imnodes.obj
c:\users\silas\source\repos\uvisenginesource\x64\release\uvisengine-runtime.exe
c:\users\silas\source\repos\uvisenginesource\uvisenginesource\x64\release\uvisengine-runtime.ipdb
c:\users\silas\source\repos\uvisenginesource\uvisenginesource\x64\release\uvisengine-runtime.iobj
c:\users\silas\source\repos\uvisenginesource\x64\release\uvisengine-runtime.pdb
c:\users\silas\source\repos\uvisenginesource\uvisenginesource\x64\release\compomentmodule.obj
c:\users\silas\source\repos\uvisenginesource\uvisenginesource\x64\release\uvisenginesource.ipdb
c:\users\silas\source\repos\uvisenginesource\uvisenginesource\x64\release\uvisenginesource.iobj
c:\users\silas\source\repos\uvisenginesource\uvisenginesource\x64\release\vc143.pdb
c:\users\silas\source\repos\uvisenginesource\uvisenginesource\x64\release\uvisengi.e3554666.tlog\cl.command.1.tlog
c:\users\silas\source\repos\uvisenginesource\uvisenginesource\x64\release\uvisengi.e3554666.tlog\cl.read.1.tlog
c:\users\silas\source\repos\uvisenginesource\uvisenginesource\x64\release\uvisengi.e3554666.tlog\cl.write.1.tlog
c:\users\silas\source\repos\uvisenginesource\uvisenginesource\x64\release\uvisengi.e3554666.tlog\link.command.1.tlog
c:\users\silas\source\repos\uvisenginesource\uvisenginesource\x64\release\uvisengi.e3554666.tlog\link.read.1.tlog
c:\users\silas\source\repos\uvisenginesource\uvisenginesource\x64\release\uvisengi.e3554666.tlog\link.write.1.tlog
